[02Oct2025 00:00:08.533] [Server thread/WARN] [net.minecraft.server.level.ServerPlayerGameMode/]: Mismatch in destroy block pos: BlockPos{x=85, y=64, z=33} BlockPos{x=85, y=65, z=33}
[02Oct2025 00:00:08.586] [Server thread/WARN] [net.minecraft.server.level.ServerPlayerGameMode/]: Mismatch in destroy block pos: BlockPos{x=85, y=64, z=33} BlockPos{x=85, y=65, z=33}
[02Oct2025 00:00:08.631] [Server thread/WARN] [net.minecraft.server.level.ServerPlayerGameMode/]: Mismatch in destroy block pos: BlockPos{x=85, y=64, z=33} BlockPos{x=85, y=65, z=33}
[02Oct2025 00:00:08.666] [Server thread/WARN] [net.minecraft.server.level.ServerPlayerGameMode/]: Mismatch in destroy block pos: BlockPos{x=85, y=64, z=33} BlockPos{x=85, y=65, z=33}
[02Oct2025 00:00:08.714] [Server thread/WARN] [net.minecraft.server.level.ServerPlayerGameMode/]: Mismatch in destroy block pos: BlockPos{x=85, y=64, z=33} BlockPos{x=85, y=65, z=33}
[02Oct2025 00:00:08.754] [Server thread/WARN] [net.minecraft.server.level.ServerPlayerGameMode/]: Mismatch in destroy block pos: BlockPos{x=85, y=64, z=33} BlockPos{x=85, y=65, z=33}
[02Oct2025 00:00:23.084] [Server thread/WARN] [net.minecraft.server.level.ServerPlayerGameMode/]: Mismatch in destroy block pos: BlockPos{x=89, y=76, z=44} BlockPos{x=89, y=75, z=45}
[02Oct2025 00:00:23.135] [Server thread/WARN] [net.minecraft.server.level.ServerPlayerGameMode/]: Mismatch in destroy block pos: BlockPos{x=89, y=76, z=44} BlockPos{x=89, y=74, z=43}
[02Oct2025 00:01:23.924] [Server thread/INFO] [net.minecraft.server.MinecraftServer/]: natasha burned to death
[02Oct2025 00:06:21.244] [Server thread/INFO] [net.minecraft.server.MinecraftServer/]: natasha fell from a high place
[02Oct2025 00:10:15.531] [Server thread/ERROR] [VS2 Get Entities Mixin/]: java.lang.Exception: Collision box is too big! AABB[-2.8592124625E7, 66.18752774632708, -1.758959822356701] -> [-24.916885522194207, 110.17499999701977, 1.2290058625E7] returning empty list! this might break things
[02Oct2025 00:10:20.577] [Server thread/ERROR] [VS2 Get Entities Mixin/]: java.lang.Exception: Collision box is too big! AABB[-2.8592125650000006E7, 66.03543517607335, -0.7704805471003056] -> [-25.068241890519857, 110.30000001192093, 1.2290058650000006E7] returning empty list! this might break things
[02Oct2025 00:10:25.577] [Server thread/ERROR] [VS2 Get Entities Mixin/]: java.lang.Exception: Collision box is too big! AABB[-2.8592125650000006E7, 83.02871958426972, 4.377608837670872] -> [-28.53258993656584, 110.30000001192093, 1.2290058650000006E7] returning empty list! this might break things
[02Oct2025 00:10:30.578] [Server thread/ERROR] [VS2 Get Entities Mixin/]: java.lang.Exception: Collision box is too big! AABB[-2.8592125650000006E7, 88.33052024247202, 17.822874541475276] -> [-22.265613418640765, 110.30000001192093, 1.2290058650000006E7] returning empty list! this might break things
[02Oct2025 00:10:35.624] [Server thread/ERROR] [VS2 Get Entities Mixin/]: java.lang.Exception: Collision box is too big! AABB[-2.8592125650000006E7, 88.34839021454722, 30.67074668287045] -> [-14.601186038728088, 110.30000001192093, 1.2290058650000006E7] returning empty list! this might break things
[02Oct2025 00:10:40.628] [Server thread/ERROR] [VS2 Get Entities Mixin/]: java.lang.Exception: Collision box is too big! AABB[-2.8592125650000006E7, 90.4322360287335, 36.38961498614813] -> [-0.22149854264850055, 110.30000001192093, 1.2290058650000006E7] returning empty list! this might break things
[02Oct2025 00:10:45.677] [Server thread/ERROR] [VS2 Get Entities Mixin/]: java.lang.Exception: Collision box is too big! AABB[-2.8592125650000006E7, 90.43962523723866, 39.35424597310431] -> [14.726769638925337, 110.30000001192093, 1.2290058650000006E7] returning empty list! this might break things
[02Oct2025 00:10:50.677] [Server thread/ERROR] [VS2 Get Entities Mixin/]: java.lang.Exception: Collision box is too big! AABB[-2.8592125650000006E7, 90.4395580184953, 42.794897472721196] -> [29.31381565471657, 110.30000001192093, 1.2290058650000006E7] returning empty list! this might break things
[02Oct2025 00:10:55.729] [Server thread/ERROR] [VS2 Get Entities Mixin/]: java.lang.Exception: Collision box is too big! AABB[-2.8592125650000006E7, 90.43957092052702, 46.265095983867205] -> [44.060994991562445, 110.30000001192093, 1.2290058650000006E7] returning empty list! this might break things
[02Oct2025 00:11:00.777] [Server thread/ERROR] [VS2 Get Entities Mixin/]: java.lang.Exception: Collision box is too big! AABB[-2.8592125650000006E7, 90.43957146681852, 49.736170344289995] -> [58.8079964718736, 110.30000001192093, 1.2290058650000006E7] returning empty list! this might break things
[02Oct2025 00:11:05.826] [Server thread/ERROR] [VS2 Get Entities Mixin/]: java.lang.Exception: Collision box is too big! AABB[-2.8592125650000006E7, 90.43963868000459, 53.12921294942498] -> [73.26472644507885, 110.30000001192093, 1.2290058650000006E7] returning empty list! this might break things
[02Oct2025 00:11:10.828] [Server thread/ERROR] [VS2 Get Entities Mixin/]: java.lang.Exception: Collision box is too big! AABB[-2.8592125650000006E7, 90.43599546437054, 53.9333740727984] -> [78.7245498835053, 110.30000001192093, 1.2290058650000006E7] returning empty list! this might break things
[02Oct2025 00:11:15.877] [Server thread/ERROR] [VS2 Get Entities Mixin/]: java.lang.Exception: Collision box is too big! AABB[-2.8592125650000006E7, 90.43539252821755, 50.169904528127226] -> [90.69075692707821, 110.30000001192093, 1.2290058650000006E7] returning empty list! this might break things
[02Oct2025 00:11:20.927] [Server thread/ERROR] [VS2 Get Entities Mixin/]: java.lang.Exception: Collision box is too big! AABB[-2.8592125650000006E7, 90.43658167196347, 46.26816052378825] -> [104.92529399955794, 110.30000001192093, 1.2290058650000006E7] returning empty list! this might break things
[02Oct2025 00:11:25.930] [Server thread/ERROR] [VS2 Get Entities Mixin/]: java.lang.Exception: Collision box is too big! AABB[-2.8592125650000006E7, 90.43662120098384, 42.39973611192516] -> [119.37714867929145, 110.30000001192093, 1.2290058650000006E7] returning empty list! this might break things
[02Oct2025 00:11:30.977] [Server thread/ERROR] [VS2 Get Entities Mixin/]: java.lang.Exception: Collision box is too big! AABB[-2.8592125650000006E7, 90.4366229810986, 38.48662906320504] -> [134.00827615225836, 110.30000001192093, 1.2290058650000006E7] returning empty list! this might break things
[02Oct2025 00:11:35.977] [Server thread/ERROR] [VS2 Get Entities Mixin/]: java.lang.Exception: Collision box is too big! AABB[-2.8592125650000006E7, 90.43662307607627, 34.61134851904324] -> [148.4984905112736, 110.30000001192093, 1.2290058650000006E7] returning empty list! this might break things
[02Oct2025 00:11:40.978] [Server thread/ERROR] [VS2 Get Entities Mixin/]: java.lang.Exception: Collision box is too big! AABB[-2.8592125650000006E7, 90.43662310443386, 30.735952651069674] -> [162.98915800342485, 110.30000001192093, 1.2290058650000006E7] returning empty list! this might break things
[02Oct2025 00:11:45.979] [Server thread/ERROR] [VS2 Get Entities Mixin/]: java.lang.Exception: Collision box is too big! AABB[-2.8592125650000006E7, 89.93591261735722, 31.96747093503084] -> [164.97878703648652, 110.30000001192093, 1.2290058650000006E7] returning empty list! this might break things
[02Oct2025 00:11:51.030] [Server thread/ERROR] [VS2 Get Entities Mixin/]: java.lang.Exception: Collision box is too big! AABB[-2.8592125650000006E7, 98.11261790912273, 33.089203578844796] -> [168.41115226749193, 110.30000001192093, 1.2290058650000006E7] returning empty list! this might break things
[02Oct2025 00:11:56.080] [Server thread/ERROR] [VS2 Get Entities Mixin/]: java.lang.Exception: Collision box is too big! AABB[-2.8592125650000006E7, 98.4303607693133, 26.8594507437658] -> [180.06484028710744, 110.30000001192093, 1.2290058650000006E7] returning empty list! this might break things
[02Oct2025 00:12:01.127] [Server thread/ERROR] [VS2 Get Entities Mixin/]: java.lang.Exception: Collision box is too big! AABB[-2.8592125650000006E7, 98.42783471298951, 21.386038926662177] -> [193.83228666721604, 110.30000001192093, 1.2290058650000006E7] returning empty list! this might break things
[02Oct2025 00:12:06.128] [Server thread/ERROR] [VS2 Get Entities Mixin/]: java.lang.Exception: Collision box is too big! AABB[-2.8592125650000006E7, 98.43630446936906, 14.30418622369312] -> [207.0486572373102, 110.30000001192093, 1.2290058650000006E7] returning empty list! this might break things
[02Oct2025 00:12:11.179] [Server thread/ERROR] [VS2 Get Entities Mixin/]: java.lang.Exception: Collision box is too big! AABB[-2.8592125650000006E7, 98.43609213324403, 7.842146279908645] -> [220.6913093242238, 110.30000001192093, 1.2290058650000006E7] returning empty list! this might break things
[02Oct2025 00:12:16.226] [Server thread/ERROR] [VS2 Get Entities Mixin/]: java.lang.Exception: Collision box is too big! AABB[-2.8592125650000006E7, 98.43608298856995, 1.3433050463571425] -> [234.37610761703948, 110.30000001192093, 1.2290058650000006E7] returning empty list! this might break things
[02Oct2025 00:12:21.230] [Server thread/ERROR] [VS2 Get Entities Mixin/]: java.lang.Exception: Collision box is too big! AABB[-2.8592125650000006E7, 98.43608042543809, -5.0705010190328785] -> [247.88076998696408, 110.30000001192093, 1.2290058650000006E7] returning empty list! this might break things
[02Oct2025 00:12:26.278] [Server thread/ERROR] [VS2 Get Entities Mixin/]: java.lang.Exception: Collision box is too big! AABB[-2.8592125650000006E7, 98.43608252614823, -11.570174084357989] -> [261.56535997124416, 110.30000001192093, 1.2290058650000006E7] returning empty list! this might break things
[02Oct2025 00:12:31.327] [Server thread/ERROR] [VS2 Get Entities Mixin/]: java.lang.Exception: Collision box is too big! AABB[-2.8592125650000006E7, 98.43608249986542, -18.048391816519274] -> [275.2051742102395, 110.30000001192093, 1.2290058650000006E7] returning empty list! this might break things
[02Oct2025 00:12:36.330] [Server thread/ERROR] [VS2 Get Entities Mixin/]: java.lang.Exception: Collision box is too big! AABB[-2.8592125650000006E7, 98.43608247420163, -24.483707790575995] -> [288.75465916352374, 110.30000001192093, 1.2290058650000006E7] returning empty list! this might break things
[02Oct2025 00:12:41.330] [Server thread/ERROR] [VS2 Get Entities Mixin/]: java.lang.Exception: Collision box is too big! AABB[-2.8592125650000006E7, 98.43608244848022, -30.919023798160328] -> [302.3041441875885, 110.30000001192093, 1.2290058650000006E7] returning empty list! this might break things
[02Oct2025 00:12:46.377] [Server thread/ERROR] [VS2 Get Entities Mixin/]: java.lang.Exception: Collision box is too big! AABB[-2.8592125650000006E7, 109.00084871261382, -37.376813162846446] -> [316.0440990330437, 110.8008486649301, 1.2290058650000006E7] returning empty list! this might break things
[02Oct2025 00:12:51.430] [Server thread/ERROR] [VS2 Get Entities Mixin/]: java.lang.Exception: Collision box is too big! AABB[-2.8592125650000006E7, 110.0, -43.76097120826838] -> [329.7849614095494, 129.39659846534636, 1.2290058650000006E7] returning empty list! this might break things
[02Oct2025 00:12:56.481] [Server thread/ERROR] [VS2 Get Entities Mixin/]: java.lang.Exception: Collision box is too big! AABB[-2.8592125650000006E7, 110.0, -50.17073129972217] -> [343.5709601339504, 147.5538005496797, 1.2290058650000006E7] returning empty list! this might break things
[02Oct2025 00:13:01.529] [Server thread/ERROR] [VS2 Get Entities Mixin/]: java.lang.Exception: Collision box is too big! AABB[-2.8592125650000006E7, 110.0, -56.664275949928324] -> [357.2631306998066, 148.33158558151644, 1.2290058650000006E7] returning empty list! this might break things
[02Oct2025 00:13:06.582] [Server thread/ERROR] [VS2 Get Entities Mixin/]: java.lang.Exception: Collision box is too big! AABB[-2.8592125650000006E7, 110.0, -63.16400695701835] -> [370.9477317888841, 148.33161489069062, 1.2290058650000006E7] returning empty list! this might break things
[02Oct2025 00:13:11.625] [Server thread/ERROR] [VS2 Get Entities Mixin/]: java.lang.Exception: Collision box is too big! AABB[-2.8592125650000006E7, 110.0, -69.65053241867103] -> [384.69111172609433, 153.24119816178447, 1.2290058650000006E7] returning empty list! this might break things
[02Oct2025 00:13:16.628] [Server thread/ERROR] [VS2 Get Entities Mixin/]: java.lang.Exception: Collision box is too big! AABB[-2.8592125650000006E7, 110.0, -76.06373535972259] -> [398.2120399944473, 153.62759933890575, 1.2290058650000006E7] returning empty list! this might break things
[02Oct2025 00:13:21.676] [Server thread/ERROR] [VS2 Get Entities Mixin/]: java.lang.Exception: Collision box is too big! AABB[-2.8592125650000006E7, 110.0, -82.570927951972] -> [411.89598908265106, 153.62765650220632, 1.2290058650000006E7] returning empty list! this might break things
[02Oct2025 00:13:26.678] [Server thread/ERROR] [VS2 Get Entities Mixin/]: java.lang.Exception: Collision box is too big! AABB[-2.8592125650000006E7, 110.0, -89.00903109956728] -> [425.44585588998956, 153.6276680577367, 1.2290058650000006E7] returning empty list! this might break things
[02Oct2025 00:13:31.726] [Server thread/ERROR] [VS2 Get Entities Mixin/]: java.lang.Exception: Collision box is too big! AABB[-2.8592125650000006E7, 110.0, -95.46109749095903] -> [439.1873019828385, 164.56154290497324, 1.2290058650000006E7] returning empty list! this might break things
[02Oct2025 00:13:36.775] [Server thread/ERROR] [VS2 Get Entities Mixin/]: java.lang.Exception: Collision box is too big! AABB[-2.8592125650000006E7, 110.0, -100.73094385998414] -> [453.4445211965531, 183.22474056423022, 1.2290058650000006E7] returning empty list! this might break things
[02Oct2025 00:13:41.780] [Server thread/ERROR] [VS2 Get Entities Mixin/]: java.lang.Exception: Collision box is too big! AABB[-2.8592125650000006E7, 110.0, -105.3774900292234] -> [467.74362599595923, 198.49295537159884, 1.2290058650000006E7] returning empty list! this might break things
[02Oct2025 00:13:46.825] [Server thread/ERROR] [VS2 Get Entities Mixin/]: java.lang.Exception: Collision box is too big! AABB[-2.8592125650000006E7, 110.0, -110.15857910663416] -> [482.141617699399, 209.0570906706603, 1.2290058650000006E7] returning empty list! this might break things
[02Oct2025 00:13:51.875] [Server thread/ERROR] [VS2 Get Entities Mixin/]: java.lang.Exception: Collision box is too big! AABB[-2.8592125650000006E7, 110.0, -112.11353866972404] -> [487.7626442476598, 211.06126499201247, 1.2290058650000006E7] returning empty list! this might break things
[02Oct2025 00:13:56.875] [Server thread/ERROR] [VS2 Get Entities Mixin/]: java.lang.Exception: Collision box is too big! AABB[-2.8592125650000006E7, 110.0, -110.63221135730537] -> [484.78680576109633, 217.21982486920638, 1.2290058650000006E7] returning empty list! this might break things
[02Oct2025 00:14:01.924] [Server thread/ERROR] [VS2 Get Entities Mixin/]: java.lang.Exception: Collision box is too big! AABB[-2.8592125650000006E7, 110.0, -111.54456758201444] -> [495.11532274570936, 219.3034119858972, 1.2290058650000006E7] returning empty list! this might break things
[02Oct2025 00:14:06.926] [Server thread/ERROR] [VS2 Get Entities Mixin/]: java.lang.Exception: Collision box is too big! AABB[-2.8592125650000006E7, 110.0, -105.95666864890369] -> [501.07766425194563, 219.30597979049168, 1.2290058650000006E7] returning empty list! this might break things
[02Oct2025 00:15:03.974] [Server thread/ERROR] [VS2 Get Entities Mixin/]: java.lang.Exception: Collision box is too big! AABB[-2.8592125650000006E7, 110.0, -106.96013777516782] -> [498.86603577435017, 219.30616949812116, 1.2290058650000006E7] returning empty list! this might break things
[02Oct2025 00:15:08.975] [Server thread/ERROR] [VS2 Get Entities Mixin/]: java.lang.Exception: Collision box is too big! AABB[-2.8592125650000006E7, 110.0, -102.1693523969071] -> [499.91793422585744, 219.30224572028843, 1.2290058650000006E7] returning empty list! this might break things
[02Oct2025 00:15:13.977] [Server thread/ERROR] [VS2 Get Entities Mixin/]: java.lang.Exception: Collision box is too big! AABB[-2.8592125650000006E7, 110.0, -88.05574470541755] -> [494.8123825049347, 219.28985416802198, 1.2290058650000006E7] returning empty list! this might break things
[02Oct2025 00:15:19.027] [Server thread/ERROR] [VS2 Get Entities Mixin/]: java.lang.Exception: Collision box is too big! AABB[-2.8592125650000006E7, 110.0, -78.8626301586628] -> [482.9359076600522, 219.28707241437303, 1.2290058650000006E7] returning empty list! this might break things
[02Oct2025 00:15:24.077] [Server thread/ERROR] [VS2 Get Entities Mixin/]: java.lang.Exception: Collision box is too big! AABB[-2.8592125650000006E7, 110.0, -76.34845000071194] -> [479.87425907363934, 219.28916908453388, 1.2290058650000006E7] returning empty list! this might break things
[02Oct2025 00:15:29.078] [Server thread/ERROR] [VS2 Get Entities Mixin/]: java.lang.Exception: Collision box is too big! AABB[-2.8592125650000006E7, 110.0, -69.72364282173778] -> [471.81674638612014, 219.289125199289, 1.2290058650000006E7] returning empty list! this might break things
[02Oct2025 00:15:34.126] [Server thread/ERROR] [VS2 Get Entities Mixin/]: java.lang.Exception: Collision box is too big! AABB[-2.8592125650000006E7, 110.0, -59.64684501361869] -> [461.2320129173626, 219.28806730811277, 1.2290058650000006E7] returning empty list! this might break things
[02Oct2025 00:15:40.125] [Server thread/ERROR] [VS2 Get Entities Mixin/]: java.lang.Exception: Collision box is too big! AABB[-2.8592125650000006E7, 110.0, -53.53907201210413] -> [454.7661258398148, 219.28823228160846, 1.2290058650000006E7] returning empty list! this might break things
[02Oct2025 00:15:45.126] [Server thread/ERROR] [VS2 Get Entities Mixin/]: java.lang.Exception: Collision box is too big! AABB[-2.8592125650000006E7, 110.0, -48.883518149017384] -> [449.7946465484646, 219.28772936575712, 1.2290058650000006E7] returning empty list! this might break things
[02Oct2025 00:15:50.177] [Server thread/ERROR] [VS2 Get Entities Mixin/]: java.lang.Exception: Collision box is too big! AABB[-2.8592125650000006E7, 110.0, -39.22938346718484] -> [439.57413132403593, 219.287468259233, 1.2290058650000006E7] returning empty list! this might break things
[02Oct2025 00:15:55.207] [Server thread/ERROR] [VS2 Get Entities Mixin/]: java.lang.Exception: Collision box is too big! AABB[-2.8592125650000006E7, 110.0, -33.250357820989265] -> [433.20726805298057, 219.28799227795437, 1.2290058650000006E7] returning empty list! this might break things
[02Oct2025 00:16:00.228] [Server thread/ERROR] [VS2 Get Entities Mixin/]: java.lang.Exception: Collision box is too big! AABB[-2.8592125650000006E7, 110.0, -25.715235504501702] -> [425.1971788712086, 219.28752749745456, 1.2290058650000006E7] returning empty list! this might break things
[02Oct2025 00:16:05.234] [Server thread/ERROR] [VS2 Get Entities Mixin/]: java.lang.Exception: Collision box is too big! AABB[-2.8592125650000006E7, 110.0, -15.792349613801338] -> [414.63724872764215, 219.28750539239786, 1.2290058650000006E7] returning empty list! this might break things
[02Oct2025 00:16:10.279] [Server thread/ERROR] [VS2 Get Entities Mixin/]: java.lang.Exception: Collision box is too big! AABB[-2.8592125650000006E7, 110.0, -5.444230185847501] -> [403.64273998698525, 219.2874661194987, 1.2290058650000006E7] returning empty list! this might break things
[02Oct2025 00:16:15.333] [Server thread/ERROR] [VS2 Get Entities Mixin/]: java.lang.Exception: Collision box is too big! AABB[-2.8592125650000006E7, 110.0, 3.816675043653988] -> [393.80180426940206, 219.28747643574945, 1.2290058650000006E7] returning empty list! this might break things
[02Oct2025 00:16:20.378] [Server thread/ERROR] [VS2 Get Entities Mixin/]: java.lang.Exception: Collision box is too big! AABB[-2.8592125650000006E7, 110.0, 13.642983829542667] -> [383.30887814710155, 219.28698209239528, 1.2290058650000006E7] returning empty list! this might break things
[02Oct2025 00:16:25.427] [Server thread/ERROR] [VS2 Get Entities Mixin/]: java.lang.Exception: Collision box is too big! AABB[-2.8592125650000006E7, 110.0, 24.001006182306558] -> [372.3331598641852, 219.28684070051673, 1.2290058650000006E7] returning empty list! this might break things
[02Oct2025 00:16:30.428] [Server thread/ERROR] [VS2 Get Entities Mixin/]: java.lang.Exception: Collision box is too big! AABB[-2.8592125650000006E7, 110.0, 34.281850829679726] -> [361.37462195130416, 219.28690520249046, 1.2290058650000006E7] returning empty list! this might break things
[02Oct2025 00:16:35.475] [Server thread/ERROR] [VS2 Get Entities Mixin/]: java.lang.Exception: Collision box is too big! AABB[-2.8592125650000006E7, 110.0, 44.64947594886166] -> [350.33404905812654, 219.28695481060004, 1.2290058650000006E7] returning empty list! this might break things
[02Oct2025 00:16:40.480] [Server thread/ERROR] [VS2 Get Entities Mixin/]: java.lang.Exception: Collision box is too big! AABB[-2.8592125650000006E7, 110.0, 54.84046425450883] -> [339.48745979409654, 219.28699165448012, 1.2290058650000006E7] returning empty list! this might break things
[02Oct2025 00:16:45.483] [Server thread/ERROR] [VS2 Get Entities Mixin/]: java.lang.Exception: Collision box is too big! AABB[-2.8592125650000006E7, 110.0, 65.11607612172615] -> [328.5603730546787, 219.28699155811563, 1.2290058650000006E7] returning empty list! this might break things
[02Oct2025 00:16:50.534] [Server thread/ERROR] [VS2 Get Entities Mixin/]: java.lang.Exception: Collision box is too big! AABB[-2.8592125650000006E7, 110.0, 75.49488714630876] -> [317.5233957755103, 219.28699155976747, 1.2290058650000006E7] returning empty list! this might break things
[02Oct2025 00:16:55.581] [Server thread/ERROR] [VS2 Get Entities Mixin/]: java.lang.Exception: Collision box is too big! AABB[-2.8592125650000006E7, 110.0, 85.87346518705759] -> [306.48674472297574, 219.28699150997483, 1.2290058650000006E7] returning empty list! this might break things
[02Oct2025 00:17:00.632] [Server thread/ERROR] [VS2 Get Entities Mixin/]: java.lang.Exception: Collision box is too big! AABB[-2.8592125650000006E7, 110.0, 96.25204326878462] -> [295.4500936313256, 219.28699146019753, 1.2290058650000006E7] returning empty list! this might break things
[02Oct2025 00:17:05.680] [Server thread/ERROR] [VS2 Get Entities Mixin/]: java.lang.Exception: Collision box is too big! AABB[-2.8592125650000006E7, 110.0, 106.56039919030823] -> [284.4891268078257, 219.28698985723452, 1.2290058650000006E7] returning empty list! this might break things
[02Oct2025 00:17:10.732] [Server thread/ERROR] [VS2 Get Entities Mixin/]: java.lang.Exception: Collision box is too big! AABB[-2.8592125650000006E7, 110.0, 116.93897727576055] -> [273.45247570686234, 219.28698980745224, 1.2290058650000006E7] returning empty list! this might break things
[02Oct2025 00:17:15.732] [Server thread/ERROR] [VS2 Get Entities Mixin/]: java.lang.Exception: Collision box is too big! AABB[-2.8592125650000006E7, 110.0, 127.2490499026791] -> [262.48867378086044, 219.28698975799827, 1.2290058650000006E7] returning empty list! this might break things
[02Oct2025 00:17:21.630] [Server thread/ERROR] [VS2 Get Entities Mixin/]: java.lang.Exception: Collision box is too big! AABB[-2.8592125650000006E7, 110.0, 139.2231314184737] -> [249.78474935969425, 219.28668053104676, 1.2290058650000006E7] returning empty list! this might break things
[02Oct2025 00:17:26.677] [Server thread/ERROR] [VS2 Get Entities Mixin/]: java.lang.Exception: Collision box is too big! AABB[-2.8592125650000006E7, 110.0, 149.4895877203353] -> [238.8387650417616, 219.2865918767545, 1.2290058650000006E7] returning empty list! this might break things
[02Oct2025 00:17:31.678] [Server thread/ERROR] [VS2 Get Entities Mixin/]: java.lang.Exception: Collision box is too big! AABB[-2.8592125650000006E7, 110.0, 159.76540759563522] -> [227.91138768740794, 219.28659182546542, 1.2290058650000006E7] returning empty list! this might break things
[02Oct2025 00:17:36.724] [Server thread/ERROR] [VS2 Get Entities Mixin/]: java.lang.Exception: Collision box is too big! AABB[-2.8592125650000006E7, 110.0, 170.0803430750966] -> [216.95930083841085, 217.79932400386537, 1.2290058650000006E7] returning empty list! this might break things
[02Oct2025 00:17:41.727] [Server thread/ERROR] [VS2 Get Entities Mixin/]: java.lang.Exception: Collision box is too big! AABB[-2.8592125650000006E7, 110.0, 176.9953684507318] -> [209.56289330483278, 214.9131000504569, 1.2290058650000006E7] returning empty list! this might break things
[02Oct2025 00:17:46.727] [Server thread/ERROR] [VS2 Get Entities Mixin/]: java.lang.Exception: Collision box is too big! AABB[-2.8592125650000006E7, 110.0, 186.64640572952962] -> [199.2417435183666, 204.93577473185968, 1.2290058650000006E7] returning empty list! this might break things
[02Oct2025 00:17:51.727] [Server thread/ERROR] [VS2 Get Entities Mixin/]: java.lang.Exception: Collision box is too big! AABB[-2.8592125650000006E7, 110.0, 196.25963701680303] -> [188.98364029824734, 196.79759601196847, 1.2290058650000006E7] returning empty list! this might break things
[02Oct2025 00:17:56.732] [Server thread/ERROR] [VS2 Get Entities Mixin/]: java.lang.Exception: Collision box is too big! AABB[-2.8592125650000006E7, 110.0, 199.09208854480806] -> [185.90222230570677, 187.13621601409665, 1.2290058650000006E7] returning empty list! this might break things
[02Oct2025 00:18:01.808] [Server thread/ERROR] [VS2 Get Entities Mixin/]: java.lang.Exception: Collision box is too big! AABB[-2.8592125650000006E7, 110.0, 206.8562396397396] -> [177.602484113646, 177.0023862782427, 1.2290058650000006E7] returning empty list! this might break things
[02Oct2025 00:18:06.827] [Server thread/ERROR] [VS2 Get Entities Mixin/]: java.lang.Exception: Collision box is too big! AABB[-2.8592125650000006E7, 110.0, 216.87202033598498] -> [166.88974335362033, 166.9356512727348, 1.2290058650000006E7] returning empty list! this might break things
[02Oct2025 00:18:11.828] [Server thread/ERROR] [VS2 Get Entities Mixin/]: java.lang.Exception: Collision box is too big! AABB[-2.8592125650000006E7, 110.0, 227.0985346205129] -> [155.9487441349595, 157.6127969160481, 1.2290058650000006E7] returning empty list! this might break things
[02Oct2025 00:18:16.877] [Server thread/ERROR] [VS2 Get Entities Mixin/]: java.lang.Exception: Collision box is too big! AABB[-2.8592125650000006E7, 110.0, 232.0602926015854] -> [150.59405618533492, 147.7362751491159, 1.2290058650000006E7] returning empty list! this might break things
[02Oct2025 00:18:21.925] [Server thread/ERROR] [VS2 Get Entities Mixin/]: java.lang.Exception: Collision box is too big! AABB[-2.8592125650000006E7, 110.0, 232.6122096069157] -> [149.94121688231826, 137.63639353413876, 1.2290058650000006E7] returning empty list! this might break things
[02Oct2025 00:18:26.927] [Server thread/ERROR] [VS2 Get Entities Mixin/]: java.lang.Exception: Collision box is too big! AABB[-2.8592125650000006E7, 110.0, 232.64369367063046] -> [149.84246128611267, 127.63640620484375, 1.2290058650000006E7] returning empty list! this might break things
[02Oct2025 00:18:31.977] [Server thread/ERROR] [VS2 Get Entities Mixin/]: java.lang.Exception: Collision box is too big! AABB[-2.8592125650000006E7, 110.0, 232.61542231962085] -> [149.80659716017544, 117.5364076988572, 1.2290058650000006E7] returning empty list! this might break things
[02Oct2025 00:18:37.027] [Server thread/ERROR] [VS2 Get Entities Mixin/]: java.lang.Exception: Collision box is too big! AABB[-2.8592125650000006E7, 105.6364079255483, 232.58014374226332] -> [149.77818453498185, 110.30000001192093, 1.2290058650000006E7] returning empty list! this might break things
[02Oct2025 00:18:42.077] [Server thread/ERROR] [VS2 Get Entities Mixin/]: java.lang.Exception: Collision box is too big! AABB[-2.8592125650000006E7, 104.48726132470838, 232.57469768077135] -> [149.77386392839253, 110.30000001192093, 1.2290058650000006E7] returning empty list! this might break things
[02Oct2025 00:18:47.078] [Server thread/ERROR] [VS2 Get Entities Mixin/]: java.lang.Exception: Collision box is too big! AABB[-2.8592125650000006E7, 104.48843733051949, 237.960088416934] -> [151.07644392736256, 110.30000001192093, 1.2290058650000006E7] returning empty list! this might break things
[02Oct2025 00:18:52.079] [Server thread/ERROR] [VS2 Get Entities Mixin/]: java.lang.Exception: Collision box is too big! AABB[-2.8592125650000006E7, 104.49223587232655, 240.35642509349276] -> [147.40247872470357, 110.30000001192093, 1.2290058650000006E7] returning empty list! this might break things
[02Oct2025 00:18:57.130] [Server thread/ERROR] [VS2 Get Entities Mixin/]: java.lang.Exception: Collision box is too big! AABB[-2.8592125650000006E7, 104.48980961677843, 241.23984618485687] -> [138.8850644718536, 110.30000001192093, 1.2290058650000006E7] returning empty list! this might break things
[02Oct2025 00:19:02.178] [Server thread/ERROR] [VS2 Get Entities Mixin/]: java.lang.Exception: Collision box is too big! AABB[-2.8592125650000006E7, 104.48670663588659, 238.55324156327958] -> [126.2400617219655, 110.30000001192093, 1.2290058650000006E7] returning empty list! this might break things
[02Oct2025 00:19:07.179] [Server thread/ERROR] [VS2 Get Entities Mixin/]: java.lang.Exception: Collision box is too big! AABB[-2.8592125650000006E7, 104.48317742112715, 237.12049929356988] -> [111.67290592865629, 110.30000001192093, 1.2290058650000006E7] returning empty list! this might break things
[02Oct2025 00:19:12.181] [Server thread/ERROR] [VS2 Get Entities Mixin/]: java.lang.Exception: Collision box is too big! AABB[-2.8592125650000006E7, 104.48318858925515, 235.90889042920287] -> [96.66571488530917, 110.30000001192093, 1.2290058650000006E7] returning empty list! this might break things
[02Oct2025 00:19:17.227] [Server thread/ERROR] [VS2 Get Entities Mixin/]: java.lang.Exception: Collision box is too big! AABB[-2.8592125650000006E7, 104.48318860099155, 234.69962646757173] -> [81.67021629962203, 110.30000001192093, 1.2290058650000006E7] returning empty list! this might break things
[02Oct2025 00:19:22.227] [Server thread/ERROR] [VS2 Get Entities Mixin/]: java.lang.Exception: Collision box is too big! AABB[-2.8592125650000006E7, 104.48318917952878, 233.49764230406697] -> [66.76846168117208, 110.30000001192093, 1.2290058650000006E7] returning empty list! this might break things
[02Oct2025 00:19:27.231] [Server thread/ERROR] [VS2 Get Entities Mixin/]: java.lang.Exception: Collision box is too big! AABB[-2.8592125650000006E7, 104.98982463716243, 232.29723306118365] -> [51.86683303044719, 110.30000001192093, 1.2290058650000006E7] returning empty list! this might break things
[02Oct2025 00:19:32.277] [Server thread/ERROR] [VS2 Get Entities Mixin/]: java.lang.Exception: Collision box is too big! AABB[-2.8592125650000006E7, 105.03544118242525, 229.01917606314038] -> [37.155146119854386, 110.30000001192093, 1.2290058650000006E7] returning empty list! this might break things
[02Oct2025 00:19:37.327] [Server thread/ERROR] [VS2 Get Entities Mixin/]: java.lang.Exception: Collision box is too big! AABB[-2.8592125650000006E7, 105.0349637323209, 221.47801576554775] -> [23.989261344075203, 110.30000001192093, 1.2290058650000006E7] returning empty list! this might break things
[02Oct2025 00:19:42.377] [Server thread/ERROR] [VS2 Get Entities Mixin/]: java.lang.Exception: Collision box is too big! AABB[-2.8592125650000006E7, 105.03301917857362, 214.18474294339418] -> [20.360729818658985, 110.30000001192093, 1.2290058650000006E7] returning empty list! this might break things
[02Oct2025 00:19:47.378] [Server thread/ERROR] [VS2 Get Entities Mixin/]: java.lang.Exception: Collision box is too big! AABB[-2.8592125650000006E7, 105.03368120863158, 202.83172191950382] -> [18.40517406809565, 110.30000001192093, 1.2290058650000006E7] returning empty list! this might break things
[02Oct2025 00:19:52.427] [Server thread/ERROR] [VS2 Get Entities Mixin/]: java.lang.Exception: Collision box is too big! AABB[-2.8592125650000006E7, 105.03427043541377, 188.8485692010457] -> [13.917145587545617, 110.30000001192093, 1.2290058650000006E7] returning empty list! this might break things
[02Oct2025 00:19:57.428] [Server thread/ERROR] [VS2 Get Entities Mixin/]: java.lang.Exception: Collision box is too big! AABB[-2.8592125650000006E7, 105.03429710452953, 174.6314320319528] -> [9.304106581997855, 110.30000001192093, 1.2290058650000006E7] returning empty list! this might break things
[02Oct2025 00:20:02.478] [Server thread/ERROR] [VS2 Get Entities Mixin/]: java.lang.Exception: Collision box is too big! AABB[-2.8592125650000006E7, 105.03429455055374, 160.22762760418357] -> [4.628169218929971, 110.30000001192093, 1.2290058650000006E7] returning empty list! this might break things
[02Oct2025 00:20:07.526] [Server thread/ERROR] [VS2 Get Entities Mixin/]: java.lang.Exception: Collision box is too big! AABB[-2.8592125650000006E7, 105.03430573216353, 145.81823178075655] -> [-0.04807867274744804, 110.30000001192093, 1.2290058650000006E7] returning empty list! this might break things
[02Oct2025 00:20:12.529] [Server thread/ERROR] [VS2 Get Entities Mixin/]: java.lang.Exception: Collision box is too big! AABB[-2.8592125650000006E7, 105.0342946511511, 131.55142515051068] -> [-4.680411526081597, 110.30000001192093, 1.2290058650000006E7] returning empty list! this might break things
[02Oct2025 00:20:17.577] [Server thread/ERROR] [VS2 Get Entities Mixin/]: java.lang.Exception: Collision box is too big! AABB[-2.8592125650000006E7, 101.96106753120861, 117.13214708018005] -> [-9.329345622179543, 110.30000001192093, 1.2290058650000006E7] returning empty list! this might break things
[02Oct2025 00:20:22.578] [Server thread/ERROR] [VS2 Get Entities Mixin/]: java.lang.Exception: Collision box is too big! AABB[-2.8592125650000006E7, 101.93431035290982, 102.8645203836163] -> [-13.958735759489667, 110.30000001192093, 1.2290058650000006E7] returning empty list! this might break things
[02Oct2025 00:20:27.625] [Server thread/ERROR] [VS2 Get Entities Mixin/]: java.lang.Exception: Collision box is too big! AABB[-2.8592125650000006E7, 101.33032214202747, 88.50147391009033] -> [-18.618901223955188, 110.30000001192093, 1.2290058650000006E7] returning empty list! this might break things
[02Oct2025 00:20:32.674] [Server thread/ERROR] [VS2 Get Entities Mixin/]: java.lang.Exception: Collision box is too big! AABB[-2.8592125650000006E7, 97.47483998444395, 74.07991772415936] -> [-23.260977913705144, 110.30000001192093, 1.2290058650000006E7] returning empty list! this might break things
[02Oct2025 00:20:37.676] [Server thread/ERROR] [VS2 Get Entities Mixin/]: java.lang.Exception: Collision box is too big! AABB[-2.8592125650000006E7, 87.65021979048694, 59.83016550066769] -> [-27.785595567045245, 110.30000001192093, 1.2290058650000006E7] returning empty list! this might break things
[02Oct2025 00:20:42.678] [Server thread/ERROR] [VS2 Get Entities Mixin/]: java.lang.Exception: Collision box is too big! AABB[-2.8592125650000006E7, 80.22496927982081, 46.25475280257761] -> [-34.30292121794585, 110.30000001192093, 1.2290058650000006E7] returning empty list! this might break things
[02Oct2025 00:20:47.678] [Server thread/ERROR] [VS2 Get Entities Mixin/]: java.lang.Exception: Collision box is too big! AABB[-2.8592125650000006E7, 78.09951522230206, 32.90630371766984] -> [-41.14800021898512, 110.30000001192093, 1.2290058650000006E7] returning empty list! this might break things
[02Oct2025 00:20:52.678] [Server thread/ERROR] [VS2 Get Entities Mixin/]: java.lang.Exception: Collision box is too big! AABB[-2.8592125650000006E7, 68.14573240821375, 19.506390803385937] -> [-47.92214266084859, 110.30000001192093, 1.2290058650000006E7] returning empty list! this might break things
[02Oct2025 00:20:57.728] [Server thread/ERROR] [VS2 Get Entities Mixin/]: java.lang.Exception: Collision box is too big! AABB[-2.8592125650000006E7, 65.96292452251636, 9.924686647951603] -> [-52.9684332460165, 110.30000001192093, 1.2290058650000006E7] returning empty list! this might break things
[02Oct2025 00:49:55.984] [Server thread/ERROR] [VS2 Get Entities Mixin/]: java.lang.Exception: Collision box is too big! AABB[-2.8497914650000006E7, 65.0, 227.8249498642981] -> [392.1837104652077, 66.88486187036386, 1.2290049650000006E7] returning empty list! this might break things
[02Oct2025 00:50:01.034] [Server thread/ERROR] [VS2 Get Entities Mixin/]: java.lang.Exception: Collision box is too big! AABB[-2.8497914650000006E7, 65.0, 227.79727245867252] -> [392.18244638852775, 66.80130172511882, 1.2290049650000006E7] returning empty list! this might break things
[02Oct2025 02:44:27.384] [Server thread/INFO] [net.minecraft.server.MinecraftServer/]: natasha fell from a high place
